10-09-2020 15:43:26 : [918] Checking for Internet connection (Status:3) (Error:0)
10-09-2020 15:43:26 : [921] Found open Internet connection (Status:3) (Error:0)
10-09-2020 15:43:26 : [915] Download : http://www.adegavinhos.com.br/updates/winev-pt.inf (Status:3) (Error:0)
10-09-2020 15:43:35 : [918] Checking for Internet connection (Status:3) (Error:0)
10-09-2020 15:43:35 : [921] Found open Internet connection (Status:3) (Error:0)
10-09-2020 15:43:35 : [915] Download : http://www.adegavinhos.com.br/updates/winev-pt.inf (Status:3) (Error:0)
10-09-2020 15:43:41 : [976] System error : The operation timed out
 (Status:1) (Error:12002)
10-09-2020 15:43:41 : [917] File not found : http://www.adegavinhos.com.br/updates/winev-pt.inf (Status:2) (Error:1)
10-09-2020 15:43:41 : [925] Update control file not found (Status:2) (Error:0)
10-09-2020 15:43:41 : [949] Closed Internet connection (Status:3) (Error:0)
10-09-2020 15:43:41 : [949] Closed Internet connection (Status:3) (Error:0)
10-09-2020 15:43:57 : [976] System error : The operation timed out
 (Status:1) (Error:12002)
10-09-2020 15:43:57 : [917] File not found : http://www.adegavinhos.com.br/updates/winev-pt.inf (Status:2) (Error:1)
10-09-2020 15:43:57 : [925] Update control file not found (Status:2) (Error:0)
10-09-2020 15:43:57 : [949] Closed Internet connection (Status:3) (Error:0)
10-09-2020 15:43:57 : [949] Closed Internet connection (Status:3) (Error:0)
10-09-2020 18:03:26 : [918] Checking for Internet connection (Status:3) (Error:0)
10-09-2020 18:03:26 : [921] Found open Internet connection (Status:3) (Error:0)
10-09-2020 18:03:26 : [915] Download : http://www.adegavinhos.com.br/updates/winev-pt.inf (Status:3) (Error:0)
10-09-2020 18:03:27 : [916] Http status : 404 (Status:6) (Error:404)
10-09-2020 18:03:27 : [925] Update control file not found (Status:2) (Error:0)
10-09-2020 18:03:27 : [949] Closed Internet connection (Status:3) (Error:0)
10-09-2020 18:03:27 : [949] Closed Internet connection (Status:3) (Error:0)
10-09-2020 19:25:27 : [918] Checking for Internet connection (Status:3) (Error:0)
10-09-2020 19:25:27 : [921] Found open Internet connection (Status:3) (Error:0)
10-09-2020 19:25:27 : [915] Download : http://www.adegavinhos.com.br/updates/winev-pt.inf (Status:3) (Error:0)
10-09-2020 19:25:28 : [916] Http status : 404 (Status:6) (Error:404)
10-09-2020 19:25:28 : [925] Update control file not found (Status:2) (Error:0)
10-09-2020 19:25:28 : [949] Closed Internet connection (Status:3) (Error:0)
10-09-2020 19:25:28 : [949] Closed Internet connection (Status:3) (Error:0)
10-09-2020 20:34:49 : [918] Checking for Internet connection (Status:3) (Error:0)
10-09-2020 20:34:49 : [921] Found open Internet connection (Status:3) (Error:0)
10-09-2020 20:34:49 : [915] Download : http://www.adegavinhos.com.br/updates/winev-pt.inf (Status:3) (Error:0)
10-09-2020 20:34:50 : [916] Http status : 404 (Status:6) (Error:404)
10-09-2020 20:34:50 : [925] Update control file not found (Status:2) (Error:0)
10-09-2020 20:34:50 : [949] Closed Internet connection (Status:3) (Error:0)
10-09-2020 20:34:50 : [949] Closed Internet connection (Status:3) (Error:0)
10-09-2020 20:37:41 : [918] Checking for Internet connection (Status:3) (Error:0)
10-09-2020 20:37:41 : [921] Found open Internet connection (Status:3) (Error:0)
10-09-2020 20:37:41 : [915] Download : http://www.adegavinhos.com.br/updates/winev-pt.inf (Status:3) (Error:0)
10-09-2020 20:37:42 : [916] Http status : 404 (Status:6) (Error:404)
10-09-2020 20:37:42 : [925] Update control file not found (Status:2) (Error:0)
10-09-2020 20:37:42 : [949] Closed Internet connection (Status:3) (Error:0)
10-09-2020 20:37:42 : [949] Closed Internet connection (Status:3) (Error:0)
